  stdafx.cpp
  EditorHelper.cpp
d:\work\asdasda\00work-1\work\helper\editorhelper.cpp(395): warning C4244: '인수': 'unsigned int'에서 'float'(으)로 변환하면서 데이터가 손실될 수 있습니다.
d:\work\asdasda\00work-1\work\helper\editorhelper.cpp(395): warning C4244: '인수': 'UINT'에서 'float'(으)로 변환하면서 데이터가 손실될 수 있습니다.
d:\work\asdasda\00work-1\work\helper\editorhelper.cpp(417): warning C4244: '인수': 'unsigned int'에서 'float'(으)로 변환하면서 데이터가 손실될 수 있습니다.
d:\work\asdasda\00work-1\work\helper\editorhelper.cpp(514): warning C4244: '인수': 'unsigned int'에서 'float'(으)로 변환하면서 데이터가 손실될 수 있습니다.
d:\work\asdasda\00work-1\work\helper\editorhelper.cpp(514): warning C4244: '인수': 'UINT'에서 'float'(으)로 변환하면서 데이터가 손실될 수 있습니다.
d:\work\asdasda\00work-1\work\helper\editorhelper.cpp(533): warning C4244: '인수': 'unsigned int'에서 'float'(으)로 변환하면서 데이터가 손실될 수 있습니다.
d:\work\asdasda\00work-1\work\helper\editorhelper.cpp(904): warning C4506: 'RenderType Renderer::DeduceRenderType<T>(void)' 인라인 함수에 대한 정의가 없습니다.
          with
          [
              T=Snow
          ]
d:\work\asdasda\00work-1\work\helper\editorhelper.cpp(904): warning C4506: 'RenderType Renderer::DeduceRenderType<T>(void)' 인라인 함수에 대한 정의가 없습니다.
          with
          [
              T=Rain
          ]
d:\work\asdasda\00work-1\work\helper\editorhelper.cpp(904): warning C4506: 'RenderType Renderer::DeduceRenderType<T>(void)' 인라인 함수에 대한 정의가 없습니다.
          with
          [
              T=Particle
          ]
d:\work\asdasda\00work-1\work\helper\editorhelper.cpp(904): warning C4506: 'ComponentType IComponent::DeduceComponentType<T>(void)' 인라인 함수에 대한 정의가 없습니다.
          with
          [
              T=ModelRender
          ]
d:\work\asdasda\00work-1\work\helper\editorhelper.cpp(904): warning C4506: 'ComponentType IComponent::DeduceComponentType<T>(void)' 인라인 함수에 대한 정의가 없습니다.
          with
          [
              T=MeshRender
          ]
d:\work\asdasda\00work-1\work\helper\editorhelper.cpp(904): warning C4506: 'ComponentType IComponent::DeduceComponentType<T>(void)' 인라인 함수에 대한 정의가 없습니다.
          with
          [
              T=ModelAnimator
          ]
d:\work\asdasda\00work-1\work\helper\editorhelper.cpp(904): warning C4506: 'ComponentType IComponent::DeduceComponentType<T>(void)' 인라인 함수에 대한 정의가 없습니다.
          with
          [
              T=CubeSky
          ]
d:\work\asdasda\00work-1\work\helper\editorhelper.cpp(904): warning C4506: 'RenderType Renderer::DeduceRenderType<T>(void)' 인라인 함수에 대한 정의가 없습니다.
          with
          [
              T=Terrain
          ]
d:\work\asdasda\00work-1\work\helper\editorhelper.cpp(904): warning C4506: 'RenderType Renderer::DeduceRenderType<T>(void)' 인라인 함수에 대한 정의가 없습니다.
          with
          [
              T=TerrainLOD
          ]
d:\work\asdasda\00work-1\work\helper\editorhelper.cpp(904): warning C4506: 'ComponentType IComponent::DeduceComponentType<T>(void)' 인라인 함수에 대한 정의가 없습니다.
          with
          [
              T=Sky
          ]
d:\work\asdasda\00work-1\work\helper\editorhelper.cpp(904): warning C4506: 'RenderType Renderer::DeduceRenderType<T>(void)' 인라인 함수에 대한 정의가 없습니다.
          with
          [
              T=Water
          ]
d:\work\asdasda\00work-1\work\helper\editorhelper.cpp(904): warning C4506: 'RenderType Renderer::DeduceRenderType<T>(void)' 인라인 함수에 대한 정의가 없습니다.
          with
          [
              T=PostEffect
          ]
d:\work\asdasda\00work-1\work\helper\editorhelper.cpp(904): warning C4506: 'ComponentType IComponent::DeduceComponentType<T>(void)' 인라인 함수에 대한 정의가 없습니다.
          with
          [
              T=Lighting
          ]
  FileDialog.cpp
  IconProvider.cpp
  Main.cpp
  PlayerDemo.cpp
d:\work\asdasda\00work-1\work\playerdemo\playerdemo.cpp(242): warning C4244: '초기화 중': 'double'에서 'float'(으)로 변환하면서 데이터가 손실될 수 있습니다.
  UI.cpp
d:\work\asdasda\00work-1\work\ui\ui.cpp(1071): warning C4018: '<': signed 또는 unsigned가 일치하지 않습니다.
d:\work\asdasda\00work-1\work\ui\ui.cpp(1092): warning C4018: '<': signed 또는 unsigned가 일치하지 않습니다.
d:\work\asdasda\00work-1\work\ui\ui.cpp(1167): warning C4018: '<': signed 또는 unsigned가 일치하지 않습니다.
d:\work\asdasda\00work-1\work\ui\ui.cpp(1331): warning C4018: '<': signed 또는 unsigned가 일치하지 않습니다.
d:\work\asdasda\00work-1\work\ui\ui.cpp(2452): warning C4018: '<': signed 또는 unsigned가 일치하지 않습니다.
d:\work\asdasda\00work-1\work\ui\ui.cpp(2597): warning C4506: 'RenderType Renderer::DeduceRenderType<T>(void)' 인라인 함수에 대한 정의가 없습니다.
          with
          [
              T=Rain
          ]
d:\work\asdasda\00work-1\work\ui\ui.cpp(2597): warning C4506: 'RenderType Renderer::DeduceRenderType<T>(void)' 인라인 함수에 대한 정의가 없습니다.
          with
          [
              T=Snow
          ]
d:\work\asdasda\00work-1\work\ui\ui.cpp(2597): warning C4506: 'RenderType Renderer::DeduceRenderType<T>(void)' 인라인 함수에 대한 정의가 없습니다.
          with
          [
              T=Particle
          ]
d:\work\asdasda\00work-1\work\ui\ui.cpp(2597): warning C4506: 'RenderType Renderer::DeduceRenderType<T>(void)' 인라인 함수에 대한 정의가 없습니다.
          with
          [
              T=Water
          ]
d:\work\asdasda\00work-1\work\ui\ui.cpp(2597): warning C4506: 'RenderType Renderer::DeduceRenderType<T>(void)' 인라인 함수에 대한 정의가 없습니다.
          with
          [
              T=Terrain
          ]
d:\work\asdasda\00work-1\work\ui\ui.cpp(2597): warning C4506: 'RenderType Renderer::DeduceRenderType<T>(void)' 인라인 함수에 대한 정의가 없습니다.
          with
          [
              T=TerrainLOD
          ]
d:\work\asdasda\00work-1\work\ui\ui.cpp(2597): warning C4506: 'ComponentType IComponent::DeduceComponentType<T>(void)' 인라인 함수에 대한 정의가 없습니다.
          with
          [
              T=MeshRender
          ]
d:\work\asdasda\00work-1\work\ui\ui.cpp(2597): warning C4506: 'ComponentType IComponent::DeduceComponentType<T>(void)' 인라인 함수에 대한 정의가 없습니다.
          with
          [
              T=ModelRender
          ]
d:\work\asdasda\00work-1\work\ui\ui.cpp(2597): warning C4506: 'ComponentType IComponent::DeduceComponentType<T>(void)' 인라인 함수에 대한 정의가 없습니다.
          with
          [
              T=Sky
          ]
d:\work\asdasda\00work-1\work\ui\ui.cpp(2597): warning C4506: 'ComponentType IComponent::DeduceComponentType<T>(void)' 인라인 함수에 대한 정의가 없습니다.
          with
          [
              T=CubeSky
          ]
d:\work\asdasda\00work-1\work\ui\ui.cpp(2597): warning C4506: 'ComponentType IComponent::DeduceComponentType<T>(void)' 인라인 함수에 대한 정의가 없습니다.
          with
          [
              T=Lighting
          ]
d:\work\asdasda\00work-1\work\ui\ui.cpp(2597): warning C4506: 'ComponentType IComponent::DeduceComponentType<T>(void)' 인라인 함수에 대한 정의가 없습니다.
          with
          [
              T=ModelAnimator
          ]
d:\work\asdasda\00work-1\work\ui\ui.cpp(2597): warning C4506: 'RenderType Renderer::DeduceRenderType<T>(void)' 인라인 함수에 대한 정의가 없습니다.
          with
          [
              T=PostEffect
          ]
  코드를 생성하고 있습니다...
  Work.vcxproj -> D:\Work\asdasda\00Work-1\Debug\Work.exe
